<?xml version="1.0" encoding="UTF-8"?>
<!-- Generated by org.testng.reporters.JUnitReportReporter -->
<testsuite hostname="MBA0263P.local" name="automationfc.Topic_01_Check_Environment" tests="3" failures="0" timestamp="17 Jul 2020 04:17:48 GMT" time="0.209" errors="0">
  <testcase name="TC_02_ValidatePageTitle" time="0.025" classname="automationfc.Topic_01_Check_Environment"/>
  <testcase name="TC_01_ValidateCurrentUrl" time="0.041" classname="automationfc.Topic_01_Check_Environment"/>
  <testcase name="TC_03_LoginFormDisplayed" time="0.143" classname="automationfc.Topic_01_Check_Environment"/>
</testsuite> <!-- automationfc.Topic_01_Check_Environment -->
